[info] 2023/06/16 19:33:  Added desktop.isame-lab.com.
[info] 2023/06/16 19:36:  Added desktop.isame-lab.com.
[info] 2023/06/16 19:38:  Added desktop.isame-lab.com.
[info] 2023/06/16 19:39:  Added desktop.isame-lab.com.
[info] 2023/06/16 19:40:  Added desktop.isame-lab.com.
[error] 2023/06/16 19:51:  Could not add veloren.isame-lab.com.
2023/06/16 19:51:      Error: [Errno 2] No such file or directory: 'containers/nginx/vhost.d/isame-lab.com'.
[error] 2023/06/16 19:51:  Could not add jellyfin.isame-lab.com.
2023/06/16 19:51:      Error: [Errno 2] No such file or directory: 'containers/nginx/vhost.d/isame-lab.com'.
[error] 2023/06/16 19:51:  Could not add filebrowser.isame-lab.com.
2023/06/16 19:51:      Error: [Errno 2] No such file or directory: 'containers/nginx/vhost.d/isame-lab.com'.
[error] 2023/06/16 19:51:  Could not add qbit.isame-lab.com.
2023/06/16 19:51:      Error: [Errno 2] No such file or directory: 'containers/nginx/vhost.d/isame-lab.com'.
[error] 2023/06/16 19:51:  Could not add desktop.isame-lab.com.
2023/06/16 19:51:      Error: [Errno 2] No such file or directory: 'containers/nginx/vhost.d/isame-lab.com'.
[error] 2023/06/16 19:51:  Could not add pwndrop.isame-lab.com.
2023/06/16 19:51:      Error: [Errno 2] No such file or directory: 'containers/nginx/vhost.d/isame-lab.com'.
[error] 2023/06/16 19:51:  Could not add portainer.isame-lab.com.
2023/06/16 19:51:      Error: [Errno 2] No such file or directory: 'containers/nginx/vhost.d/isame-lab.com'.
[error] 2023/06/16 19:51:  Could not add isame-lab.com.
2023/06/16 19:51:      Error: [Errno 2] No such file or directory: 'containers/nginx/vhost.d/isame-lab.com'.
[error] 2023/06/16 19:52:  Could not add veloren.isame-lab.com.
2023/06/16 19:52:      Error: [Errno 2] No such file or directory: 'containers/nginx/vhost.d/isame-lab.com'.
[error] 2023/06/16 19:52:  Could not add jellyfin.isame-lab.com.
2023/06/16 19:52:      Error: [Errno 2] No such file or directory: 'containers/nginx/vhost.d/isame-lab.com'.
[error] 2023/06/16 19:52:  Could not add filebrowser.isame-lab.com.
2023/06/16 19:52:      Error: [Errno 2] No such file or directory: 'containers/nginx/vhost.d/isame-lab.com'.
[error] 2023/06/16 19:52:  Could not add qbit.isame-lab.com.
2023/06/16 19:52:      Error: [Errno 2] No such file or directory: 'containers/nginx/vhost.d/isame-lab.com'.
[error] 2023/06/16 19:52:  Could not add desktop.isame-lab.com.
2023/06/16 19:52:      Error: [Errno 2] No such file or directory: 'containers/nginx/vhost.d/isame-lab.com'.
[error] 2023/06/16 19:52:  Could not add pwndrop.isame-lab.com.
2023/06/16 19:52:      Error: [Errno 2] No such file or directory: 'containers/nginx/vhost.d/isame-lab.com'.
[error] 2023/06/16 19:52:  Could not add portainer.isame-lab.com.
2023/06/16 19:52:      Error: [Errno 2] No such file or directory: 'containers/nginx/vhost.d/isame-lab.com'.
[error] 2023/06/16 19:52:  Could not add isame-lab.com.
2023/06/16 19:52:      Error: [Errno 2] No such file or directory: 'containers/nginx/vhost.d/isame-lab.com'.
[error] 2023/06/16 19:53:  Could not add veloren.isame-lab.com.
2023/06/16 19:53:      Error: [Errno 2] No such file or directory: 'containers/nginx/vhost.d/isame-lab.com'.
[error] 2023/06/16 19:53:  Could not add jellyfin.isame-lab.com.
2023/06/16 19:53:      Error: [Errno 2] No such file or directory: 'containers/nginx/vhost.d/isame-lab.com'.
[error] 2023/06/16 19:53:  Could not add filebrowser.isame-lab.com.
2023/06/16 19:53:      Error: [Errno 2] No such file or directory: 'containers/nginx/vhost.d/isame-lab.com'.
[error] 2023/06/16 19:53:  Could not add qbit.isame-lab.com.
2023/06/16 19:53:      Error: [Errno 2] No such file or directory: 'containers/nginx/vhost.d/isame-lab.com'.
[error] 2023/06/16 19:53:  Could not add desktop.isame-lab.com.
2023/06/16 19:53:      Error: [Errno 2] No such file or directory: 'containers/nginx/vhost.d/isame-lab.com'.
[error] 2023/06/16 19:53:  Could not add pwndrop.isame-lab.com.
2023/06/16 19:53:      Error: [Errno 2] No such file or directory: 'containers/nginx/vhost.d/isame-lab.com'.
[error] 2023/06/16 19:53:  Could not add portainer.isame-lab.com.
2023/06/16 19:53:      Error: [Errno 2] No such file or directory: 'containers/nginx/vhost.d/isame-lab.com'.
[error] 2023/06/16 19:53:  Could not add isame-lab.com.
2023/06/16 19:53:      Error: [Errno 2] No such file or directory: 'containers/nginx/vhost.d/isame-lab.com'.
[info] 2023/06/16 19:54:  Added veloren.isame-lab.com.
[info] 2023/06/16 19:54:  Added jellyfin.isame-lab.com.
[info] 2023/06/16 19:54:  Added filebrowser.isame-lab.com.
[info] 2023/06/16 19:54:  Added qbit.isame-lab.com.
[info] 2023/06/16 19:54:  Added desktop.isame-lab.com.
[info] 2023/06/16 19:54:  Added pwndrop.isame-lab.com.
[info] 2023/06/16 19:54:  Added portainer.isame-lab.com.
[error] 2023/06/16 19:57:  Could not add veloren.isame-lab.com.
        Error: [Errno 2] No such file or directory: 'containers/nginx/vhost.d/isame-lab.com'.
[error] 2023/06/16 19:57:  Could not add jellyfin.isame-lab.com.
        Error: [Errno 2] No such file or directory: 'containers/nginx/vhost.d/isame-lab.com'.
[error] 2023/06/16 19:57:  Could not add filebrowser.isame-lab.com.
        Error: [Errno 2] No such file or directory: 'containers/nginx/vhost.d/isame-lab.com'.
[error] 2023/06/16 19:57:  Could not add qbit.isame-lab.com.
        Error: [Errno 2] No such file or directory: 'containers/nginx/vhost.d/isame-lab.com'.
[error] 2023/06/16 19:57:  Could not add desktop.isame-lab.com.
        Error: [Errno 2] No such file or directory: 'containers/nginx/vhost.d/isame-lab.com'.
[error] 2023/06/16 19:57:  Could not add pwndrop.isame-lab.com.
        Error: [Errno 2] No such file or directory: 'containers/nginx/vhost.d/isame-lab.com'.
[error] 2023/06/16 19:57:  Could not add portainer.isame-lab.com.
        Error: [Errno 2] No such file or directory: 'containers/nginx/vhost.d/isame-lab.com'.
[error] 2023/06/16 19:57:  Could not add isame-lab.com.
        Error: [Errno 2] No such file or directory: 'containers/nginx/vhost.d/isame-lab.com'.
[error] 2023/06/16 19:57:  Could not add veloren.isame-lab.com.
        Error: [Errno 2] No such file or directory: 'containers/nginx/vhost.d/isame-lab.com'.
[error] 2023/06/16 19:57:  Could not add jellyfin.isame-lab.com.
        Error: [Errno 2] No such file or directory: 'containers/nginx/vhost.d/isame-lab.com'.
[error] 2023/06/16 19:57:  Could not add filebrowser.isame-lab.com.
        Error: [Errno 2] No such file or directory: 'containers/nginx/vhost.d/isame-lab.com'.
[error] 2023/06/16 19:57:  Could not add qbit.isame-lab.com.
        Error: [Errno 2] No such file or directory: 'containers/nginx/vhost.d/isame-lab.com'.
[error] 2023/06/16 19:57:  Could not add desktop.isame-lab.com.
        Error: [Errno 2] No such file or directory: 'containers/nginx/vhost.d/isame-lab.com'.
[error] 2023/06/16 19:57:  Could not add pwndrop.isame-lab.com.
        Error: [Errno 2] No such file or directory: 'containers/nginx/vhost.d/isame-lab.com'.
[error] 2023/06/16 19:57:  Could not add portainer.isame-lab.com.
        Error: [Errno 2] No such file or directory: 'containers/nginx/vhost.d/isame-lab.com'.
[error] 2023/06/16 19:57:  Could not add isame-lab.com.
        Error: [Errno 2] No such file or directory: 'containers/nginx/vhost.d/isame-lab.com'.
[error] 2023/06/16 19:58:  Could not add veloren.isame-lab.com.
        Error: [Errno 2] No such file or directory: 'containers/nginx/vhost.d/isame-lab.com'.
[error] 2023/06/16 19:58:  Could not add jellyfin.isame-lab.com.
        Error: [Errno 2] No such file or directory: 'containers/nginx/vhost.d/isame-lab.com'.
[error] 2023/06/16 19:58:  Could not add filebrowser.isame-lab.com.
        Error: [Errno 2] No such file or directory: 'containers/nginx/vhost.d/isame-lab.com'.
[error] 2023/06/16 19:58:  Could not add qbit.isame-lab.com.
        Error: [Errno 2] No such file or directory: 'containers/nginx/vhost.d/isame-lab.com'.
[error] 2023/06/16 19:58:  Could not add desktop.isame-lab.com.
        Error: [Errno 2] No such file or directory: 'containers/nginx/vhost.d/isame-lab.com'.
[error] 2023/06/16 19:58:  Could not add pwndrop.isame-lab.com.
        Error: [Errno 2] No such file or directory: 'containers/nginx/vhost.d/isame-lab.com'.
[error] 2023/06/16 19:58:  Could not add portainer.isame-lab.com.
        Error: [Errno 2] No such file or directory: 'containers/nginx/vhost.d/isame-lab.com'.
[error] 2023/06/16 19:58:  Could not add isame-lab.com.
        Error: [Errno 2] No such file or directory: 'containers/nginx/vhost.d/isame-lab.com'.
[info] 2023/06/16 19:59:  Added veloren.isame-lab.com.
[info] 2023/06/16 19:59:  Added jellyfin.isame-lab.com.
[info] 2023/06/16 19:59:  Added filebrowser.isame-lab.com.
[info] 2023/06/16 19:59:  Added qbit.isame-lab.com.
[info] 2023/06/16 19:59:  Added desktop.isame-lab.com.
[info] 2023/06/16 19:59:  Added pwndrop.isame-lab.com.
[info] 2023/06/16 19:59:  Added portainer.isame-lab.com.
[info] 2023/06/16 20:05:  Added veloren.isame-lab.com.
[info] 2023/06/16 20:05:  Added jellyfin.isame-lab.com.
[info] 2023/06/16 20:05:  Added filebrowser.isame-lab.com.
[info] 2023/06/16 20:05:  Added qbit.isame-lab.com.
[info] 2023/06/16 20:05:  Added desktop.isame-lab.com.
[info] 2023/06/16 20:05:  Added pwndrop.isame-lab.com.
[info] 2023/06/16 20:05:  Added portainer.isame-lab.com.
[info] 2023/06/16 20:35:  Added DEFAULT_HOST.
[info] 2023/06/16 20:36:  Added desktop.isame-lab.com.
[info] 2023/06/16 20:36:  Added DEFAULT_HOST.
[info] 2023/06/16 20:37:  Added desktop.isame-lab.com.
[info] 2023/06/16 20:40:  Added desktop.isame-lab.com.
